<?xml version="1.0" encoding="UTF-8"?>
<testng-results skipped="0" failed="0" total="1" passed="1">
  <reporter-output>
  </reporter-output>
  <suite name="suite1" duration-ms="27698" started-at="2015-12-23T19:00:53Z" finished-at="2015-12-23T19:01:20Z">
    <groups>
    </groups>
    <test name="test1" duration-ms="27698" started-at="2015-12-23T19:00:53Z" finished-at="2015-12-23T19:01:20Z">
      <class name="com.topq.test.TestLeads">
        <test-method status="PASS" signature="setup()[pri:0, instance:com.topq.test.TestLeads@7907ec20]" name="setup" is-config="true" duration-ms="6837" started-at="2015-12-23T19:00:53Z" finished-at="2015-12-23T19:00:59Z">
        </test-method> <!-- setup -->
        <test-method status="PASS" signature="testCreateNewLead()[pri:0, instance:com.topq.test.TestLeads@7907ec20]" name="testCreateNewLead" duration-ms="20784" started-at="2015-12-23T19:00:59Z" finished-at="2015-12-23T19:01:20Z">
        </test-method> <!-- testCreateNewLead -->
        <test-method status="PASS" signature="toQuit()[pri:0, instance:com.topq.test.TestLeads@7907ec20]" name="toQuit" is-config="true" duration-ms="66" started-at="2015-12-23T19:01:20Z" finished-at="2015-12-23T19:01:20Z">
        </test-method> <!-- toQuit -->
      </class> <!-- com.topq.test.TestLeads -->
    </test> <!-- test1 -->
  </suite> <!-- suite1 -->
</testng-results>
